<?xml version="1.0" encoding="UTF-8" standalone="yes"?><!DOCTYPE report PUBLIC "-//JACOCO//DTD Report 1.1//EN" "report.dtd"><report name="statistics"><sessioninfo id="LAPTOP-J5FT4H59-178b868c" start="1619175283344" dump="1619175284656"/><sessioninfo id="LAPTOP-J5FT4H59-2458e432" start="1619175915970" dump="1619175919282"/><sessioninfo id="LAPTOP-J5FT4H59-2c7661b5" start="1619176945569" dump="1619176947305"/><sessioninfo id="LAPTOP-J5FT4H59-8a9dc3e7" start="1619179139002" dump="1619179140861"/><sessioninfo id="LAPTOP-J5FT4H59-84cd9ae4" start="1619179201201" dump="1619179202550"/><sessioninfo id="LAPTOP-J5FT4H59-43f04824" start="1619179463580" dump="1619179465096"/><sessioninfo id="LAPTOP-J5FT4H59-7d1dd4f3" start="1619179523536" dump="1619179525161"/><sessioninfo id="LAPTOP-J5FT4H59-f90a4ae7" start="1619179617369" dump="1619179618728"/><sessioninfo id="LAPTOP-J5FT4H59-983a28ca" start="1619179912323" dump="1619179913948"/><package name="ru/netology/statistics"><class name="ru/netology/statistics/StatisticsService" sourcefilename="StatisticsService.java"><method name="&lt;init&gt;" desc="()V" line="3"><counter type="INSTRUCTION" missed="0" covered="3"/><counter type="LINE" missed="0" covered="1"/><counter type="COMPLEXITY" missed="0" covered="1"/><counter type="METHOD" missed="0" covered="1"/></method><method name="findMax" desc="([J)J" line="11"><counter type="INSTRUCTION" missed="0" covered="30"/><counter type="BRANCH" missed="0" covered="4"/><counter type="LINE" missed="0" covered="6"/><counter type="COMPLEXITY" missed="0" covered="3"/><counter type="METHOD" missed="0" covered="1"/></method><counter type="INSTRUCTION" missed="0" covered="33"/><counter type="BRANCH" missed="0" covered="4"/><counter type="LINE" missed="0" covered="7"/><counter type="COMPLEXITY" missed="0" covered="4"/><counter type="METHOD" missed="0" covered="2"/><counter type="CLASS" missed="0" covered="1"/></class><sourcefile name="StatisticsService.java"><line nr="3" mi="0" ci="3" mb="0" cb="0"/><line nr="11" mi="0" ci="2" mb="0" cb="0"/><line nr="12" mi="0" ci="4" mb="0" cb="0"/><line nr="13" mi="0" ci="16" mb="0" cb="2"/><line nr="14" mi="0" ci="4" mb="0" cb="2"/><line nr="15" mi="0" ci="2" mb="0" cb="0"/><line nr="16" mi="0" ci="2" mb="0" cb="0"/><counter type="INSTRUCTION" missed="0" covered="33"/><counter type="BRANCH" missed="0" covered="4"/><counter type="LINE" missed="0" covered="7"/><counter type="COMPLEXITY" missed="0" covered="4"/><counter type="METHOD" missed="0" covered="2"/><counter type="CLASS" missed="0" covered="1"/></sourcefile><counter type="INSTRUCTION" missed="0" covered="33"/><counter type="BRANCH" missed="0" covered="4"/><counter type="LINE" missed="0" covered="7"/><counter type="COMPLEXITY" missed="0" covered="4"/><counter type="METHOD" missed="0" covered="2"/><counter type="CLASS" missed="0" covered="1"/></package><counter type="INSTRUCTION" missed="0" covered="33"/><counter type="BRANCH" missed="0" covered="4"/><counter type="LINE" missed="0" covered="7"/><counter type="COMPLEXITY" missed="0" covered="4"/><counter type="METHOD" missed="0" covered="2"/><counter type="CLASS" missed="0" covered="1"/></report>